<?xml version="1.0" encoding="UTF-8"?>
<!-- Generated by org.testng.reporters.JUnitXMLReporter -->
<testsuite ignored="0" hostname="DESKTOP-EQ1TCP1" failures="0" tests="4" name="Default test" time="155.372" errors="0" timestamp="2022-03-15T22:27:17 IST">
  <testcase classname="com.bridgelabz.LoginPageTest" name="loginPageTitleTest" time="1.589"/>
  <testcase classname="com.bridgelabz.LoginPageTest" name="loginTest" time="2.327"/>
  <testcase classname="com.bridgelabz.LoginPageTest" name="loginTest" time="2.035"/>
  <testcase classname="com.bridgelabz.LoginPageTest" name="loginTest" time="2.126"/>
</testsuite> <!-- Default test -->
