<?xml version="1.0" encoding="UTF-8"?>
<!-- Generated by org.testng.reporters.JUnitXMLReporter -->
<testsuite ignored="0" hostname="DESKTOP-EQ1TCP1" failures="0" tests="8" name="FaceBookPageObjectModel" time="278.06" errors="0" timestamp="2022-03-17T10:40:51 IST">
  <testcase classname="com.bridgelabz.LoginPageTest" name="loginPageTitleTest" time="0.864"/>
  <testcase classname="com.bridgelabz.LoginPageTest" name="loginTest" time="1.32"/>
  <testcase classname="com.bridgelabz.LoginPageTest" name="loginTest" time="2.352"/>
  <testcase classname="com.bridgelabz.LoginPageTest" name="loginTest" time="2.32"/>
  <testcase classname="com.bridgelabz.HomePageTest" name="verifyHomePageTitle" time="9.628"/>
  <testcase classname="com.bridgelabz.HomePageTest" name="verifyClickOnProfileTest" time="18.791"/>
  <testcase classname="com.bridgelabz.HomePageTest" name="verifyFriendsPageTest" time="12.964"/>
  <testcase classname="com.bridgelabz.HomePageTest" name="verifySavedPageTest" time="20.54"/>
</testsuite> <!-- FaceBookPageObjectModel -->
