<?xml version="1.0" encoding="UTF-8"?>
<testng-results ignored="0" total="5" passed="5" failed="0" skipped="0">
  <reporter-output>
  </reporter-output>
  <suite started-at="2022-03-17T12:30:52 IST" name="Default suite" finished-at="2022-03-17T12:34:52 IST" duration-ms="240001">
    <groups>
    </groups>
    <test started-at="2022-03-17T12:30:52 IST" name="Default test" finished-at="2022-03-17T12:34:52 IST" duration-ms="240001">
      <class name="com.bridgelabz.FindFriendsPageTest">
        <test-method is-config="true" signature="setUp()[pri:0, instance:com.bridgelabz.FindFriendsPageTest@32eff876]" started-at="2022-03-17T12:30:52 IST" name="setUp" finished-at="2022-03-17T12:31:48 IST" duration-ms="56521" status="PASS">
          <reporter-output>
          </reporter-output>
        </test-method> <!-- setUp -->
        <test-method signature="verifyFriendsPageTitleTest()[pri:1, instance:com.bridgelabz.FindFriendsPageTest@32eff876]" started-at="2022-03-17T12:31:48 IST" name="verifyFriendsPageTitleTest" finished-at="2022-03-17T12:31:49 IST" duration-ms="769" status="PASS">
          <reporter-output>
          </reporter-output>
        </test-method> <!-- verifyFriendsPageTitleTest -->
        <test-method is-config="true" signature="tearDown()[pri:0, instance:com.bridgelabz.FindFriendsPageTest@32eff876]" started-at="2022-03-17T12:31:50 IST" name="tearDown" finished-at="2022-03-17T12:31:52 IST" duration-ms="2342" status="PASS">
          <reporter-output>
          </reporter-output>
        </test-method> <!-- tearDown -->
        <test-method is-config="true" signature="setUp()[pri:0, instance:com.bridgelabz.FindFriendsPageTest@32eff876]" started-at="2022-03-17T12:31:52 IST" name="setUp" finished-at="2022-03-17T12:32:19 IST" duration-ms="27215" status="PASS">
          <reporter-output>
          </reporter-output>
        </test-method> <!-- setUp -->
        <test-method signature="ClickOnFriendRequestLinkTest()[pri:2, instance:com.bridgelabz.FindFriendsPageTest@32eff876]" started-at="2022-03-17T12:32:19 IST" name="ClickOnFriendRequestLinkTest" finished-at="2022-03-17T12:32:23 IST" duration-ms="3356" status="PASS">
          <reporter-output>
          </reporter-output>
        </test-method> <!-- ClickOnFriendRequestLinkTest -->
        <test-method is-config="true" signature="tearDown()[pri:0, instance:com.bridgelabz.FindFriendsPageTest@32eff876]" started-at="2022-03-17T12:32:23 IST" name="tearDown" finished-at="2022-03-17T12:32:24 IST" duration-ms="1396" status="PASS">
          <reporter-output>
          </reporter-output>
        </test-method> <!-- tearDown -->
        <test-method is-config="true" signature="setUp()[pri:0, instance:com.bridgelabz.FindFriendsPageTest@32eff876]" started-at="2022-03-17T12:32:24 IST" name="setUp" finished-at="2022-03-17T12:32:52 IST" duration-ms="27432" status="PASS">
          <reporter-output>
          </reporter-output>
        </test-method> <!-- setUp -->
        <test-method signature="ClickOnSuggestionsLinkTest()[pri:3, instance:com.bridgelabz.FindFriendsPageTest@32eff876]" started-at="2022-03-17T12:32:52 IST" name="ClickOnSuggestionsLinkTest" finished-at="2022-03-17T12:32:56 IST" duration-ms="4219" status="PASS">
          <reporter-output>
          </reporter-output>
        </test-method> <!-- ClickOnSuggestionsLinkTest -->
        <test-method is-config="true" signature="tearDown()[pri:0, instance:com.bridgelabz.FindFriendsPageTest@32eff876]" started-at="2022-03-17T12:32:56 IST" name="tearDown" finished-at="2022-03-17T12:32:57 IST" duration-ms="1542" status="PASS">
          <reporter-output>
          </reporter-output>
        </test-method> <!-- tearDown -->
        <test-method is-config="true" signature="setUp()[pri:0, instance:com.bridgelabz.FindFriendsPageTest@32eff876]" started-at="2022-03-17T12:32:57 IST" name="setUp" finished-at="2022-03-17T12:33:41 IST" duration-ms="43490" status="PASS">
          <reporter-output>
          </reporter-output>
        </test-method> <!-- setUp -->
        <test-method signature="ClickOnBirthdayLinkTest()[pri:4, instance:com.bridgelabz.FindFriendsPageTest@32eff876]" started-at="2022-03-17T12:33:41 IST" name="ClickOnBirthdayLinkTest" finished-at="2022-03-17T12:33:52 IST" duration-ms="11278" status="PASS">
          <reporter-output>
          </reporter-output>
        </test-method> <!-- ClickOnBirthdayLinkTest -->
        <test-method is-config="true" signature="tearDown()[pri:0, instance:com.bridgelabz.FindFriendsPageTest@32eff876]" started-at="2022-03-17T12:33:52 IST" name="tearDown" finished-at="2022-03-17T12:33:54 IST" duration-ms="2142" status="PASS">
          <reporter-output>
          </reporter-output>
        </test-method> <!-- tearDown -->
        <test-method is-config="true" signature="setUp()[pri:0, instance:com.bridgelabz.FindFriendsPageTest@32eff876]" started-at="2022-03-17T12:33:54 IST" name="setUp" finished-at="2022-03-17T12:34:42 IST" duration-ms="47862" status="PASS">
          <reporter-output>
          </reporter-output>
        </test-method> <!-- setUp -->
        <test-method signature="ClickOnCustomListsLinkTest()[pri:5, instance:com.bridgelabz.FindFriendsPageTest@32eff876]" started-at="2022-03-17T12:34:42 IST" name="ClickOnCustomListsLinkTest" finished-at="2022-03-17T12:34:49 IST" duration-ms="6518" status="PASS">
          <reporter-output>
          </reporter-output>
        </test-method> <!-- ClickOnCustomListsLinkTest -->
        <test-method is-config="true" signature="tearDown()[pri:0, instance:com.bridgelabz.FindFriendsPageTest@32eff876]" started-at="2022-03-17T12:34:49 IST" name="tearDown" finished-at="2022-03-17T12:34:52 IST" duration-ms="3254" status="PASS">
          <reporter-output>
          </reporter-output>
        </test-method> <!-- tearDown -->
      </class> <!-- com.bridgelabz.FindFriendsPageTest -->
    </test> <!-- Default test -->
  </suite> <!-- Default suite -->
</testng-results>
